Added Component: Designator=1(TSSOP-20)
Added Component: Designator=C1(RAD-0.3)
Added Component: Designator=C2(RAD-0.3)
Added Component: Designator=C3(RAD-0.3)
Added Component: Designator=C4(RAD-0.3)
Added Component: Designator=D1(LED-0)
Added Component: Designator=D2(LED-0)
Added Component: Designator=D3(LED-0)
Added Component: Designator=D4(LED-0)
Added Component: Designator=D5(LED-0)
Added Component: Designator=D6(LED-0)
Added Component: Designator=L1(0402-A)
Added Component: Designator=P1(HDR1X4)
Added Component: Designator=P2(HDR1X2)
Added Component: Designator=P3(HDR1X6)
Added Component: Designator=P4(HDR1X6)
Added Component: Designator=Q1(E3)
Added Component: Designator=Q2(E3)
Added Component: Designator=Q3(E3)
Added Component: Designator=Q4(R38)
Added Component: Designator=Q5(E3)
Added Component: Designator=R1(AXIAL-0.3)
Added Component: Designator=R2(AXIAL-0.3)
Added Component: Designator=R3(AXIAL-0.3)
Added Component: Designator=R4(AXIAL-0.3)
Added Component: Designator=R5(AXIAL-0.3)
Added Component: Designator=R6(AXIAL-0.3)
Added Component: Designator=R7(AXIAL-0.3)
Added Component: Designator=R8(AXIAL-0.3)
Added Component: Designator=R9(AXIAL-0.3)
Added Component: Designator=R10(AXIAL-0.3)
Added Component: Designator=R11(AXIAL-0.3)
Added Component: Designator=R12(AXIAL-0.3)
Added Component: Designator=R13(AXIAL-0.3)
Added Component: Designator=R14(AXIAL-0.3)
Added Component: Designator=R15(AXIAL-0.3)
Added Component: Designator=R16(AXIAL-0.3)
Added Component: Designator=R17(AXIAL-0.3)
Added Component: Designator=U1(SOIC127P375X700X220-5N)
Added Component: Designator=U2(SOIC127P375X700X220-5N)
Added Component: Designator=U3(SOT65P280X145-8N)
Added Component: Designator=U4(SOIC18-1.27-11.5X7.5MM)
Added Component: Designator=U5(SOIC127P375X700X220-5N)
Added Component: Designator=U6(SOIC127P375X700X220-5N)
Added Pin To Net: NetName=3V3 Pin=1-1
Added Pin To Net: NetName=3V3 Pin=C2-2
Added Pin To Net: NetName=3V3 Pin=D2-1
Added Pin To Net: NetName=3V3 Pin=L1-2
Added Pin To Net: NetName=3V3 Pin=P1-4
Added Pin To Net: NetName=3V3 Pin=P4-5
Added Pin To Net: NetName=3V3 Pin=P4-6
Added Pin To Net: NetName=3V3 Pin=R2-1
Added Pin To Net: NetName=3V3 Pin=R5-1
Added Pin To Net: NetName=3V3 Pin=R11-2
Added Pin To Net: NetName=3V3 Pin=U3-3
Added Pin To Net: NetName=3V3 Pin=U4-18
Added Net: Name=3V3
Added Pin To Net: NetName=4.75-28V Pin=P3-6
Added Pin To Net: NetName=4.75-28V Pin=Q1-3
Added Pin To Net: NetName=4.75-28V Pin=Q2-3
Added Pin To Net: NetName=4.75-28V Pin=Q3-3
Added Pin To Net: NetName=4.75-28V Pin=Q5-3
Added Pin To Net: NetName=4.75-28V Pin=U1-6
Added Pin To Net: NetName=4.75-28V Pin=U2-6
Added Pin To Net: NetName=4.75-28V Pin=U5-6
Added Pin To Net: NetName=4.75-28V Pin=U6-6
Added Net: Name=4.75-28V
Added Pin To Net: NetName=CANH Pin=R9-2
Added Pin To Net: NetName=CANH Pin=U3-7
Added Net: Name=CANH
Added Pin To Net: NetName=CANL Pin=R9-1
Added Pin To Net: NetName=CANL Pin=U3-6
Added Net: Name=CANL
Added Pin To Net: NetName=FET1 Pin=1-9
Added Pin To Net: NetName=FET1 Pin=R1-1
Added Pin To Net: NetName=FET1 Pin=R4-2
Added Pin To Net: NetName=FET1 Pin=R14-2
Added Pin To Net: NetName=FET1 Pin=R15-1
Added Net: Name=FET1
Added Pin To Net: NetName=FET2 Pin=1-10
Added Pin To Net: NetName=FET2 Pin=R7-1
Added Pin To Net: NetName=FET2 Pin=R8-1
Added Net: Name=FET2
Added Pin To Net: NetName=FET3 Pin=1-11
Added Pin To Net: NetName=FET3 Pin=R10-2
Added Pin To Net: NetName=FET3 Pin=R12-1
Added Net: Name=FET3
Added Pin To Net: NetName=FET4 Pin=1-12
Added Net: Name=FET4
Added Pin To Net: NetName=GND Pin=1-20
Added Pin To Net: NetName=GND Pin=C1-1
Added Pin To Net: NetName=GND Pin=C2-1
Added Pin To Net: NetName=GND Pin=C3-1
Added Pin To Net: NetName=GND Pin=C4-1
Added Pin To Net: NetName=GND Pin=D1-2
Added Pin To Net: NetName=GND Pin=D3-2
Added Pin To Net: NetName=GND Pin=D4-2
Added Pin To Net: NetName=GND Pin=D5-2
Added Pin To Net: NetName=GND Pin=D6-2
Added Pin To Net: NetName=GND Pin=P1-1
Added Pin To Net: NetName=GND Pin=P2-2
Added Pin To Net: NetName=GND Pin=P3-5
Added Pin To Net: NetName=GND Pin=P4-3
Added Pin To Net: NetName=GND Pin=P4-4
Added Pin To Net: NetName=GND Pin=R6-2
Added Pin To Net: NetName=GND Pin=U1-3
Added Pin To Net: NetName=GND Pin=U1-4
Added Pin To Net: NetName=GND Pin=U2-3
Added Pin To Net: NetName=GND Pin=U2-4
Added Pin To Net: NetName=GND Pin=U3-2
Added Pin To Net: NetName=GND Pin=U4-9
Added Pin To Net: NetName=GND Pin=U5-3
Added Pin To Net: NetName=GND Pin=U5-4
Added Pin To Net: NetName=GND Pin=U6-3
Added Pin To Net: NetName=GND Pin=U6-4
Added Net: Name=GND
Added Pin To Net: NetName=MCP_CS Pin=1-13
Added Pin To Net: NetName=MCP_CS Pin=U4-16
Added Net: Name=MCP_CS
Added Pin To Net: NetName=MCP_INT Pin=1-6
Added Pin To Net: NetName=MCP_INT Pin=R13-2
Added Pin To Net: NetName=MCP_INT Pin=U4-12
Added Net: Name=MCP_INT
Added Pin To Net: NetName=MCP_MISO Pin=1-14
Added Pin To Net: NetName=MCP_MISO Pin=U4-15
Added Net: Name=MCP_MISO
Added Pin To Net: NetName=MCP_MOSI Pin=1-15
Added Pin To Net: NetName=MCP_MOSI Pin=U4-14
Added Net: Name=MCP_MOSI
Added Pin To Net: NetName=MCP_RX0 Pin=1-5
Added Pin To Net: NetName=MCP_RX0 Pin=U4-11
Added Net: Name=MCP_RX0
Added Pin To Net: NetName=MCP_RX1 Pin=1-2
Added Pin To Net: NetName=MCP_RX1 Pin=U4-10
Added Net: Name=MCP_RX1
Added Pin To Net: NetName=MCP_SCLK Pin=1-7
Added Pin To Net: NetName=MCP_SCLK Pin=U4-13
Added Net: Name=MCP_SCLK
Added Pin To Net: NetName=MCP_TX0 Pin=1-8
Added Pin To Net: NetName=MCP_TX0 Pin=U4-4
Added Net: Name=MCP_TX0
Added Pin To Net: NetName=MCP_TX1 Pin=1-18
Added Pin To Net: NetName=MCP_TX1 Pin=U4-5
Added Net: Name=MCP_TX1
Added Pin To Net: NetName=MCP_TX2 Pin=1-19
Added Pin To Net: NetName=MCP_TX2 Pin=U4-6
Added Net: Name=MCP_TX2
Added Pin To Net: NetName=Net*1_6 Pin=L1-1
Added Net: Name=Net*1_6
Added Pin To Net: NetName=Net*1_8 Pin=R5-2
Added Net: Name=Net*1_8
Added Pin To Net: NetName=NetC1_2 Pin=C1-2
Added Pin To Net: NetName=NetC1_2 Pin=P2-1
Added Pin To Net: NetName=NetC1_2 Pin=R3-2
Added Net: Name=NetC1_2
Added Pin To Net: NetName=NetC3_2 Pin=C3-2
Added Pin To Net: NetName=NetC3_2 Pin=Q4-1
Added Pin To Net: NetName=NetC3_2 Pin=U4-7
Added Net: Name=NetC3_2
Added Pin To Net: NetName=NetC4_2 Pin=C4-2
Added Pin To Net: NetName=NetC4_2 Pin=Q4-2
Added Pin To Net: NetName=NetC4_2 Pin=U4-8
Added Net: Name=NetC4_2
Added Pin To Net: NetName=NetD1_1 Pin=D1-1
Added Pin To Net: NetName=NetD1_1 Pin=R1-2
Added Net: Name=NetD1_1
Added Pin To Net: NetName=NetD2_2 Pin=D2-2
Added Pin To Net: NetName=NetD2_2 Pin=R6-1
Added Net: Name=NetD2_2
Added Pin To Net: NetName=NetD3_1 Pin=D3-1
Added Pin To Net: NetName=NetD3_1 Pin=R7-2
Added Net: Name=NetD3_1
Added Pin To Net: NetName=NetD4_1 Pin=D4-1
Added Pin To Net: NetName=NetD4_1 Pin=R10-1
Added Net: Name=NetD4_1
Added Pin To Net: NetName=NetD5_1 Pin=D5-1
Added Pin To Net: NetName=NetD5_1 Pin=R13-1
Added Net: Name=NetD5_1
Added Pin To Net: NetName=NetD6_1 Pin=D6-1
Added Pin To Net: NetName=NetD6_1 Pin=R14-1
Added Net: Name=NetD6_1
Added Pin To Net: NetName=NetP4_1 Pin=P4-1
Added Pin To Net: NetName=NetP4_1 Pin=R17-2
Added Net: Name=NetP4_1
Added Pin To Net: NetName=NetP4_2 Pin=P4-2
Added Pin To Net: NetName=NetP4_2 Pin=R16-2
Added Net: Name=NetP4_2
Added Pin To Net: NetName=NetQ1_2 Pin=Q1-2
Added Pin To Net: NetName=NetQ1_2 Pin=U1-5
Added Net: Name=NetQ1_2
Added Pin To Net: NetName=NetQ2_2 Pin=Q2-2
Added Pin To Net: NetName=NetQ2_2 Pin=U2-5
Added Net: Name=NetQ2_2
Added Pin To Net: NetName=NetQ3_2 Pin=Q3-2
Added Pin To Net: NetName=NetQ3_2 Pin=U5-5
Added Net: Name=NetQ3_2
Added Pin To Net: NetName=NetQ5_2 Pin=Q5-2
Added Pin To Net: NetName=NetQ5_2 Pin=U6-5
Added Net: Name=NetQ5_2
Added Pin To Net: NetName=NetR4_1 Pin=R4-1
Added Pin To Net: NetName=NetR4_1 Pin=U1-1
Added Net: Name=NetR4_1
Added Pin To Net: NetName=NetR8_2 Pin=R8-2
Added Pin To Net: NetName=NetR8_2 Pin=U2-1
Added Net: Name=NetR8_2
Added Pin To Net: NetName=NetR11_1 Pin=R11-1
Added Pin To Net: NetName=NetR11_1 Pin=U4-17
Added Net: Name=NetR11_1
Added Pin To Net: NetName=NetR12_2 Pin=R12-2
Added Pin To Net: NetName=NetR12_2 Pin=U5-1
Added Net: Name=NetR12_2
Added Pin To Net: NetName=NetR15_2 Pin=R15-2
Added Pin To Net: NetName=NetR15_2 Pin=U6-1
Added Net: Name=NetR15_2
Added Pin To Net: NetName=NetU3_1 Pin=U3-1
Added Pin To Net: NetName=NetU3_1 Pin=U4-1
Added Net: Name=NetU3_1
Added Pin To Net: NetName=NetU3_4 Pin=U3-4
Added Pin To Net: NetName=NetU3_4 Pin=U4-2
Added Net: Name=NetU3_4
Added Pin To Net: NetName=P1.1 Pin=1-3
Added Pin To Net: NetName=P1.1 Pin=R17-1
Added Net: Name=P1.1
Added Pin To Net: NetName=P1.2 Pin=1-4
Added Pin To Net: NetName=P1.2 Pin=R16-1
Added Net: Name=P1.2
Added Pin To Net: NetName=PWROUT1 Pin=P3-1
Added Pin To Net: NetName=PWROUT1 Pin=Q1-1
Added Net: Name=PWROUT1
Added Pin To Net: NetName=PWROUT2 Pin=P3-2
Added Pin To Net: NetName=PWROUT2 Pin=Q2-1
Added Net: Name=PWROUT2
Added Pin To Net: NetName=PWROUT3 Pin=P3-3
Added Pin To Net: NetName=PWROUT3 Pin=Q3-1
Added Net: Name=PWROUT3
Added Pin To Net: NetName=PWROUT4 Pin=P3-4
Added Pin To Net: NetName=PWROUT4 Pin=Q5-1
Added Net: Name=PWROUT4
Added Pin To Net: NetName=RST Pin=1-16
Added Pin To Net: NetName=RST Pin=P1-2
Added Pin To Net: NetName=RST Pin=R2-2
Added Pin To Net: NetName=RST Pin=R3-1
Added Net: Name=RST
Added Pin To Net: NetName=TEST Pin=1-17
Added Pin To Net: NetName=TEST Pin=P1-3
Added Net: Name=TEST
Added Class: Name=MSP IOboard
Added Room: Name=MSP IOboard
