Added Component: Designator=*1(SON80P400X400X80-10N)
Added Component: Designator=1(TSSOP-20)
Added Component: Designator=C1(0603)
Added Component: Designator=C2(0603)
Added Component: Designator=C3(0603)
Added Component: Designator=C4(0603)
Added Component: Designator=D1(LEDC2012X70N_598-8120-107F(Primary))
Added Component: Designator=D2(LEDC2012X70N_598-8120-107F(Primary))
Added Component: Designator=D3(LEDC2012X70N_598-8120-107F(Primary))
Added Component: Designator=D4(LEDC2012X70N_598-8120-107F(Primary))
Added Component: Designator=D5(LEDC2012X70N_598-8120-107F(Primary))
Added Component: Designator=D6(LEDC2012X70N_598-8120-107F(Primary))
Added Component: Designator=L1(INDC2520X18N)
Added Component: Designator=P1(HDR1X4)
Added Component: Designator=P2(HDR1X2)
Added Component: Designator=P3(HDR1X4)
Added Component: Designator=P4(HDR1X4)
Added Component: Designator=P5(HDR1X6)
Added Component: Designator=P6(HDR1X6)
Added Component: Designator=R1(RESC2012X70)
Added Component: Designator=R2(RESC2012X70)
Added Component: Designator=R3(AXIAL-0.3)
Added Component: Designator=R4(RESC2012X70)
Added Component: Designator=R5(RESC2012X70)
Added Component: Designator=R6(RESC2012X70)
Added Component: Designator=R7(RESC2012X70)
Added Component: Designator=R8(RESC2012X70)
Added Component: Designator=R9(RESC2012X70)
Added Component: Designator=R10(RESC2012X70)
Added Component: Designator=R11(RESC2012X70)
Added Component: Designator=R12(RESC2012X70)
Added Component: Designator=R13(RESC2012X70)
Added Component: Designator=R14(RESC2012X70)
Added Component: Designator=R15(RESC2012X70)
Added Component: Designator=R16(RESC2012X70)
Added Component: Designator=R17(RESC2012X70)
Added Component: Designator=R18(RESC2012X70)
Added Component: Designator=R19(RESC2012X70)
Added Component: Designator=R20(RESC2012X70)
Added Component: Designator=R21(RESC2012X70)
Added Component: Designator=U1(SOT65P280X145-8N)
Added Component: Designator=U2(SOIC127P375X700X220-5N)
Added Component: Designator=U3(SOIC18-1.27-11.5X7.5MM)
Added Component: Designator=U4(SOIC127P375X700X220-5N)
Added Component: Designator=U5(SOIC127P375X700X220-5N)
Added Component: Designator=U6(SOIC127P375X700X220-5N)
Added Component: Designator=Y1(XTAL_ECS-160-20-46X)
Added Pin To Net: NetName=3V3 Pin=*1-3
Added Pin To Net: NetName=3V3 Pin=*1-7
Added Pin To Net: NetName=3V3 Pin=1-1
Added Pin To Net: NetName=3V3 Pin=C1-2
Added Pin To Net: NetName=3V3 Pin=L1-2
Added Pin To Net: NetName=3V3 Pin=P1-4
Added Pin To Net: NetName=3V3 Pin=P6-5
Added Pin To Net: NetName=3V3 Pin=P6-6
Added Pin To Net: NetName=3V3 Pin=R4-1
Added Pin To Net: NetName=3V3 Pin=R7-2
Added Pin To Net: NetName=3V3 Pin=R14-1
Added Pin To Net: NetName=3V3 Pin=U1-3
Added Pin To Net: NetName=3V3 Pin=U3-18
Added Net: Name=3V3
Added Pin To Net: NetName=4.75-28V Pin=*1-1
Added Pin To Net: NetName=4.75-28V Pin=*1-2
Added Pin To Net: NetName=4.75-28V Pin=P3-4
Added Pin To Net: NetName=4.75-28V Pin=P4-4
Added Pin To Net: NetName=4.75-28V Pin=P5-6
Added Pin To Net: NetName=4.75-28V Pin=U2-6
Added Pin To Net: NetName=4.75-28V Pin=U4-6
Added Pin To Net: NetName=4.75-28V Pin=U5-6
Added Pin To Net: NetName=4.75-28V Pin=U6-6
Added Net: Name=4.75-28V
Added Pin To Net: NetName=CANH Pin=P3-1
Added Pin To Net: NetName=CANH Pin=P4-1
Added Pin To Net: NetName=CANH Pin=R3-2
Added Pin To Net: NetName=CANH Pin=U1-7
Added Net: Name=CANH
Added Pin To Net: NetName=CANL Pin=P3-2
Added Pin To Net: NetName=CANL Pin=P4-2
Added Pin To Net: NetName=CANL Pin=R3-1
Added Pin To Net: NetName=CANL Pin=U1-6
Added Net: Name=CANL
Added Pin To Net: NetName=FET1 Pin=1-9
Added Pin To Net: NetName=FET1 Pin=R1-1
Added Pin To Net: NetName=FET1 Pin=R2-2
Added Pin To Net: NetName=FET1 Pin=R17-2
Added Pin To Net: NetName=FET1 Pin=R18-1
Added Net: Name=FET1
Added Pin To Net: NetName=FET2 Pin=1-10
Added Pin To Net: NetName=FET2 Pin=R8-1
Added Pin To Net: NetName=FET2 Pin=R9-1
Added Net: Name=FET2
Added Pin To Net: NetName=FET3 Pin=1-11
Added Pin To Net: NetName=FET3 Pin=R12-2
Added Pin To Net: NetName=FET3 Pin=R13-1
Added Net: Name=FET3
Added Pin To Net: NetName=FET4 Pin=1-12
Added Net: Name=FET4
Added Pin To Net: NetName=GND Pin=*1-4
Added Pin To Net: NetName=GND Pin=*1-5
Added Pin To Net: NetName=GND Pin=*1-9
Added Pin To Net: NetName=GND Pin=*1-10
Added Pin To Net: NetName=GND Pin=1-20
Added Pin To Net: NetName=GND Pin=C1-1
Added Pin To Net: NetName=GND Pin=C2-1
Added Pin To Net: NetName=GND Pin=C3-1
Added Pin To Net: NetName=GND Pin=C4-1
Added Pin To Net: NetName=GND Pin=P1-1
Added Pin To Net: NetName=GND Pin=P2-2
Added Pin To Net: NetName=GND Pin=P3-3
Added Pin To Net: NetName=GND Pin=P4-3
Added Pin To Net: NetName=GND Pin=P5-5
Added Pin To Net: NetName=GND Pin=P6-3
Added Pin To Net: NetName=GND Pin=P6-4
Added Pin To Net: NetName=GND Pin=R5-2
Added Pin To Net: NetName=GND Pin=R6-1
Added Pin To Net: NetName=GND Pin=R11-1
Added Pin To Net: NetName=GND Pin=R16-1
Added Pin To Net: NetName=GND Pin=R19-1
Added Pin To Net: NetName=GND Pin=U1-2
Added Pin To Net: NetName=GND Pin=U2-3
Added Pin To Net: NetName=GND Pin=U2-4
Added Pin To Net: NetName=GND Pin=U3-9
Added Pin To Net: NetName=GND Pin=U4-3
Added Pin To Net: NetName=GND Pin=U4-4
Added Pin To Net: NetName=GND Pin=U5-3
Added Pin To Net: NetName=GND Pin=U5-4
Added Pin To Net: NetName=GND Pin=U6-3
Added Pin To Net: NetName=GND Pin=U6-4
Added Net: Name=GND
Added Pin To Net: NetName=MCP_CS Pin=1-13
Added Pin To Net: NetName=MCP_CS Pin=U3-16
Added Net: Name=MCP_CS
Added Pin To Net: NetName=MCP_INT Pin=1-6
Added Pin To Net: NetName=MCP_INT Pin=R10-2
Added Pin To Net: NetName=MCP_INT Pin=U3-12
Added Net: Name=MCP_INT
Added Pin To Net: NetName=MCP_MISO Pin=1-14
Added Pin To Net: NetName=MCP_MISO Pin=U3-15
Added Net: Name=MCP_MISO
Added Pin To Net: NetName=MCP_MOSI Pin=1-15
Added Pin To Net: NetName=MCP_MOSI Pin=U3-14
Added Net: Name=MCP_MOSI
Added Pin To Net: NetName=MCP_RX0 Pin=1-5
Added Pin To Net: NetName=MCP_RX0 Pin=U3-11
Added Net: Name=MCP_RX0
Added Pin To Net: NetName=MCP_RX1 Pin=1-2
Added Pin To Net: NetName=MCP_RX1 Pin=U3-10
Added Net: Name=MCP_RX1
Added Pin To Net: NetName=MCP_SCLK Pin=1-7
Added Pin To Net: NetName=MCP_SCLK Pin=U3-13
Added Net: Name=MCP_SCLK
Added Pin To Net: NetName=MCP_TX0 Pin=1-8
Added Pin To Net: NetName=MCP_TX0 Pin=U3-4
Added Net: Name=MCP_TX0
Added Pin To Net: NetName=MCP_TX1 Pin=1-18
Added Pin To Net: NetName=MCP_TX1 Pin=U3-5
Added Net: Name=MCP_TX1
Added Pin To Net: NetName=MCP_TX2 Pin=1-19
Added Pin To Net: NetName=MCP_TX2 Pin=U3-6
Added Net: Name=MCP_TX2
Added Pin To Net: NetName=Net*1_6 Pin=*1-6
Added Pin To Net: NetName=Net*1_6 Pin=L1-1
Added Net: Name=Net*1_6
Added Pin To Net: NetName=Net*1_8 Pin=*1-8
Added Pin To Net: NetName=Net*1_8 Pin=R4-2
Added Net: Name=Net*1_8
Added Pin To Net: NetName=NetC2_2 Pin=C2-2
Added Pin To Net: NetName=NetC2_2 Pin=U3-7
Added Pin To Net: NetName=NetC2_2 Pin=Y1-1
Added Net: Name=NetC2_2
Added Pin To Net: NetName=NetC3_2 Pin=C3-2
Added Pin To Net: NetName=NetC3_2 Pin=U3-8
Added Pin To Net: NetName=NetC3_2 Pin=Y1-2
Added Net: Name=NetC3_2
Added Pin To Net: NetName=NetC4_2 Pin=C4-2
Added Pin To Net: NetName=NetC4_2 Pin=P2-1
Added Pin To Net: NetName=NetC4_2 Pin=R15-2
Added Net: Name=NetC4_2
Added Pin To Net: NetName=NetD1_1 Pin=R1-2
Added Net: Name=NetD1_1
Added Pin To Net: NetName=NetD2_2 Pin=R5-1
Added Net: Name=NetD2_2
Added Pin To Net: NetName=NetD3_1 Pin=R8-2
Added Net: Name=NetD3_1
Added Pin To Net: NetName=NetD4_1 Pin=R10-1
Added Net: Name=NetD4_1
Added Pin To Net: NetName=NetD5_1 Pin=R12-1
Added Net: Name=NetD5_1
Added Pin To Net: NetName=NetD6_1 Pin=R17-1
Added Net: Name=NetD6_1
Added Pin To Net: NetName=NetP6_1 Pin=P6-1
Added Pin To Net: NetName=NetP6_1 Pin=R21-2
Added Net: Name=NetP6_1
Added Pin To Net: NetName=NetP6_2 Pin=P6-2
Added Pin To Net: NetName=NetP6_2 Pin=R20-2
Added Net: Name=NetP6_2
Added Pin To Net: NetName=NetQ1_2 Pin=R6-2
Added Pin To Net: NetName=NetQ1_2 Pin=U2-5
Added Net: Name=NetQ1_2
Added Pin To Net: NetName=NetQ2_2 Pin=R11-2
Added Pin To Net: NetName=NetQ2_2 Pin=U4-5
Added Net: Name=NetQ2_2
Added Pin To Net: NetName=NetQ3_2 Pin=R16-2
Added Pin To Net: NetName=NetQ3_2 Pin=U5-5
Added Net: Name=NetQ3_2
Added Pin To Net: NetName=NetQ4_2 Pin=R19-2
Added Pin To Net: NetName=NetQ4_2 Pin=U6-5
Added Net: Name=NetQ4_2
Added Pin To Net: NetName=NetR2_1 Pin=R2-1
Added Pin To Net: NetName=NetR2_1 Pin=U2-1
Added Net: Name=NetR2_1
Added Pin To Net: NetName=NetR7_1 Pin=R7-1
Added Pin To Net: NetName=NetR7_1 Pin=U3-17
Added Net: Name=NetR7_1
Added Pin To Net: NetName=NetR9_2 Pin=R9-2
Added Pin To Net: NetName=NetR9_2 Pin=U4-1
Added Net: Name=NetR9_2
Added Pin To Net: NetName=NetR13_2 Pin=R13-2
Added Pin To Net: NetName=NetR13_2 Pin=U5-1
Added Net: Name=NetR13_2
Added Pin To Net: NetName=NetR18_2 Pin=R18-2
Added Pin To Net: NetName=NetR18_2 Pin=U6-1
Added Net: Name=NetR18_2
Added Pin To Net: NetName=NetU1_1 Pin=U1-1
Added Pin To Net: NetName=NetU1_1 Pin=U3-1
Added Net: Name=NetU1_1
Added Pin To Net: NetName=NetU1_4 Pin=U1-4
Added Pin To Net: NetName=NetU1_4 Pin=U3-2
Added Net: Name=NetU1_4
Added Pin To Net: NetName=P1.1 Pin=1-3
Added Pin To Net: NetName=P1.1 Pin=R21-1
Added Net: Name=P1.1
Added Pin To Net: NetName=P1.2 Pin=1-4
Added Pin To Net: NetName=P1.2 Pin=R20-1
Added Net: Name=P1.2
Added Pin To Net: NetName=PWROUT1 Pin=P5-1
Added Net: Name=PWROUT1
Added Pin To Net: NetName=PWROUT2 Pin=P5-2
Added Net: Name=PWROUT2
Added Pin To Net: NetName=PWROUT3 Pin=P5-3
Added Net: Name=PWROUT3
Added Pin To Net: NetName=PWROUT4 Pin=P5-4
Added Net: Name=PWROUT4
Added Pin To Net: NetName=RST Pin=1-16
Added Pin To Net: NetName=RST Pin=P1-2
Added Pin To Net: NetName=RST Pin=R14-2
Added Pin To Net: NetName=RST Pin=R15-1
Added Net: Name=RST
Added Pin To Net: NetName=TEST Pin=1-17
Added Pin To Net: NetName=TEST Pin=P1-3
Added Net: Name=TEST
Added Class: Name=MSP IOboard
Added Room: Name=MSP IOboard
